info it worked if it ends with ok
verbose cli [ 'C:\\Program Files (x86)\\nodejs\\\\node.exe',
verbose cli   'C:\\Program Files (x86)\\nodejs\\node_modules\\npm\\bin\\npm-cli.js',
verbose cli   'start' ]
info using npm@1.1.16
info using node@v0.6.15
verbose C:\Program Files (x86)\nodejs\\node.exe node symlink
verbose config file C:\Users\cschlak\.npmrc
verbose config file C:\Program Files (x86)\nodejs\etc\npmrc
verbose config file C:\Program Files (x86)\nodejs\node_modules\npm\npmrc
verbose caching C:\Users\cschlak\Documents\Other Projects\grijq\package.json
verbose loadDefaults grijq@0.1.0
verbose run-script [ 'prestart', 'start', 'poststart' ]
info prestart grijq@0.1.0
info start grijq@0.1.0
verbose unsafe-perm in lifecycle true
silly exec cmd "/c" "node server.js"
silly spawning [ 'cmd',
silly spawning   [ '/c', 'node server.js' ],
silly spawning   'C:\\Users\\cschlak\\Documents\\Other Projects\\grijq' ]
info grijq@0.1.0 Failed to exec start script
ERR! grijq@0.1.0 start: `node server.js`
ERR! `cmd "/c" "node server.js"` failed with 1
ERR! 
ERR! Failed at the grijq@0.1.0 start script.
ERR! This is most likely a problem with the grijq package,
ERR! not with npm itself.
ERR! Tell the author that this fails on your system:
ERR!     node server.js
ERR! You can get their info via:
ERR!     npm owner ls grijq
ERR! There is likely additional logging output above.
ERR! 
ERR! System Windows_NT 6.1.7601
ERR! command "C:\\Program Files (x86)\\nodejs\\\\node.exe" "C:\\Program Files (x86)\\nodejs\\node_modules\\npm\\bin\\npm-cli.js" "start"
ERR! cwd C:\Users\cschlak\Documents\Other Projects\grijq
ERR! node -v v0.6.15
ERR! npm -v 1.1.16
ERR! code ELIFECYCLE
ERR! message grijq@0.1.0 start: `node server.js`
ERR! message `cmd "/c" "node server.js"` failed with 1
ERR! errno {}
verbose exit [ 1, true ]
